<?xml version="1.0" encoding="UTF-8"?>
<!-- Generated by org.testng.reporters.JUnitReportReporter -->
<testsuite hostname="MacBook-Air-de-Ricardo.local" failures="0" tests="1" name="com.rockcor.TestNGSample" time="1.948" errors="0" timestamp="26 Dec 2020 23:22:28 GMT">
  <testcase classname="com.rockcor.TestNGSample" name="searchBlouses" time="1.948"/>
</testsuite> <!-- com.rockcor.TestNGSample -->
